<?xml version="1.0" encoding="UTF-8"?>
<testsuite xmlns:xsi="http://www.w3.org/2001/XMLSchema-instance" xsi:noNamespaceSchemaLocation="https://maven.apache.org/surefire/maven-surefire-plugin/xsd/surefire-test-report.xsd" name="orders.CreateOrderTests" time="3.886" tests="6" errors="0" skipped="0" failures="2">
  <properties>
[...]
</properties>
  <testcase name="checkCreatingOrderWithoutAuth" classname="orders.CreateOrderTests" time="0.521"/>
  <testcase name="checkCreatingOrderWithAuth" classname="orders.CreateOrderTests" time="0.583"/>
  <testcase name="checkCreatingOrderWithoutAuthWithoutWithIncorrectIngredients" classname="orders.CreateOrderTests" time="0.501"/>
  <testcase name="checkCreatingOrderWithoutAuthWithoutIngredients" classname="orders.CreateOrderTests" time="0.521"/>
  <testcase name="checkCreatingOrderWithAuthWithIncorrectIngredients" classname="orders.CreateOrderTests" time="0.5">
    <failure message="1 expectation failed.&#10;Expected status code &lt;500&gt; but was &lt;200&gt;.&#10;" type="java.lang.AssertionError"><![CDATA[java.lang.AssertionError: 
1 expectation failed.
Expected status code <500> but was <200>.

	at orders.CreateOrderTests.checkCreatingOrderWithAuthWithIncorrectIngredients(CreateOrderTests.java:100)
]]></failure>
    <system-out><![CDATA[Request method:	GET
Request URI:	https://stellarburgers.nomoreparties.site/api/orders
Proxy:			<none>
Request params:	<none>
Query params:	<none>
Form params:	<none>
Path params:	<none>
Headers:		Authorization=Bearer eyJhbGciOiJIUzI1NiIsInR5cCI6IkpXVCJ9.eyJpZCI6IjYzMGFjMmJjOTNlYmMyMDAxYjRiYWI0YSIsImlhdCI6MTY2MTY0OTU5NywiZXhwIjoxNjYxNjUwNzk3fQ.vyAXEZ0m57nBSzNQPOC4zWK923EJpGn9RCwg_pX1GJA
				Accept=*/*
				Content-Type=application/json
Cookies:		<none>
Multiparts:		<none>
Body:
{
    "ingredients": [
        "$%_61c0c5a71d1f82001bdaaa6d",
        "$%_61c0c5a71d1f82001bdaaa6f",
        "$%_61c0c5a71d1f82001bdaaa72"
    ]
}
HTTP/1.1 200 OK
Date: Sun, 28 Aug 2022 01:19:59 GMT
Content-Type: application/json; charset=utf-8
Transfer-Encoding: chunked
Connection: keep-alive
X-Powered-By: Express
Access-Control-Allow-Origin: *
ETag: W/"3a-YadHbX5bVBuONigk3k8Weq/8a0I"
CF-Cache-Status: DYNAMIC
Expect-CT: max-age=604800, report-uri="https://report-uri.cloudflare.com/cdn-cgi/beacon/expect-ct"
Report-To: {"endpoints":[{"url":"https:\/\/a.nel.cloudflare.com\/report\/v3?s=o70RpMx5nwJ%2BK2ml0EvxzKpqGzTAHs3jg5DOcCvwV3JSos3ApqEaR%2F0bfBlmzSeHWqUYoZBCwuMv21p6HHSVurGRT8GSR2sVmBhved4AWNpTHedsExlXt%2BA5shAZs5lU0Ayh9FBQJN9Vb1Q6FaK%2B28mFpik%3D"}],"group":"cf-nel","max_age":604800}
NEL: {"success_fraction":0,"report_to":"cf-nel","max_age":604800}
Server: cloudflare
CF-RAY: 741938cde9d7caf9-DUS
Content-Encoding: gzip
alt-svc: h3=":443"; ma=86400, h3-29=":443"; ma=86400

{
    "success": true,
    "orders": [
        
    ],
    "total": 21294,
    "totalToday": 22
}
Request method:	DELETE
Request URI:	https://stellarburgers.nomoreparties.site/api/auth/user
Proxy:			<none>
Request params:	<none>
Query params:	<none>
Form params:	<none>
Path params:	<none>
Headers:		Authorization=Bearer eyJhbGciOiJIUzI1NiIsInR5cCI6IkpXVCJ9.eyJpZCI6IjYzMGFjMmJjOTNlYmMyMDAxYjRiYWI0YSIsImlhdCI6MTY2MTY0OTU5NywiZXhwIjoxNjYxNjUwNzk3fQ.vyAXEZ0m57nBSzNQPOC4zWK923EJpGn9RCwg_pX1GJA
				Accept=*/*
Cookies:		<none>
Multiparts:		<none>
Body:			<none>
HTTP/1.1 404 Not Found
Date: Sun, 28 Aug 2022 01:19:59 GMT
Content-Type: application/json; charset=utf-8
Content-Length: 44
Connection: keep-alive
X-Powered-By: Express
Access-Control-Allow-Origin: *
ETag: W/"2c-EAnCIFy1uGovyo/FU6KYwnjLgrc"
CF-Cache-Status: DYNAMIC
Expect-CT: max-age=604800, report-uri="https://report-uri.cloudflare.com/cdn-cgi/beacon/expect-ct"
Report-To: {"endpoints":[{"url":"https:\/\/a.nel.cloudflare.com\/report\/v3?s=F3ZyyH2vNw4jovCpyEyW%2BVbZG5V6XvRqbbPi%2FxcNHMVSXmoC05%2FijpkMsHNbg1Tu0iwmDugoUzG%2FOur9ExslCEqfTQDAPPtgrdDAc%2Fv%2B313ZwrKlL%2Fq4cuUna%2BWFjSFySpodpAchK3yT0xtRecP2mDwecwc%3D"}],"group":"cf-nel","max_age":604800}
NEL: {"success_fraction":0,"report_to":"cf-nel","max_age":604800}
Server: cloudflare
CF-RAY: 741938cf9b44716e-DUS
alt-svc: h3=":443"; ma=86400, h3-29=":443"; ma=86400

{
    "success": false,
    "message": "User not found"
}
]]></system-out>
  </testcase>
  <testcase name="checkCreatingOrderWithAuthWithoutIngredients" classname="orders.CreateOrderTests" time="0.535">
    <failure message="1 expectation failed.&#10;Expected status code &lt;400&gt; but was &lt;200&gt;.&#10;" type="java.lang.AssertionError"><![CDATA[java.lang.AssertionError: 
1 expectation failed.
Expected status code <400> but was <200>.

	at orders.CreateOrderTests.checkCreatingOrderWithAuthWithoutIngredients(CreateOrderTests.java:82)
]]></failure>
    <system-out><![CDATA[Request method:	GET
Request URI:	https://stellarburgers.nomoreparties.site/api/orders
Proxy:			<none>
Request params:	<none>
Query params:	<none>
Form params:	<none>
Path params:	<none>
Headers:		Authorization=Bearer eyJhbGciOiJIUzI1NiIsInR5cCI6IkpXVCJ9.eyJpZCI6IjYzMGFjMmJjOTNlYmMyMDAxYjRiYWI0YSIsImlhdCI6MTY2MTY0OTU5NywiZXhwIjoxNjYxNjUwNzk3fQ.vyAXEZ0m57nBSzNQPOC4zWK923EJpGn9RCwg_pX1GJA
				Accept=*/*
				Content-Type=application/json
Cookies:		<none>
Multiparts:		<none>
Body:
{
    "ingredients": [
        
    ]
}
HTTP/1.1 200 OK
Date: Sun, 28 Aug 2022 01:20:00 GMT
Content-Type: application/json; charset=utf-8
Transfer-Encoding: chunked
Connection: keep-alive
X-Powered-By: Express
Access-Control-Allow-Origin: *
ETag: W/"3a-YadHbX5bVBuONigk3k8Weq/8a0I"
CF-Cache-Status: DYNAMIC
Expect-CT: max-age=604800, report-uri="https://report-uri.cloudflare.com/cdn-cgi/beacon/expect-ct"
Report-To: {"endpoints":[{"url":"https:\/\/a.nel.cloudflare.com\/report\/v3?s=cxX12wOr5cJHs7v6DV1b05oNiODcBM0jeKMNEdy%2FhCgAlPvyHfspbPBhs%2FBhEYahT6g3wEjxII%2FGItMnPWaQYAmjr0IyMSSUF0c%2Bwwxb7dJIsYenRP5uQGBsgrFOv4dp3UaJt%2FIT7CKqisFB0dx7782nsvs%3D"}],"group":"cf-nel","max_age":604800}
NEL: {"success_fraction":0,"report_to":"cf-nel","max_age":604800}
Server: cloudflare
CF-RAY: 741938d1381acb1e-DUS
Content-Encoding: gzip
alt-svc: h3=":443"; ma=86400, h3-29=":443"; ma=86400

{
    "success": true,
    "orders": [
        
    ],
    "total": 21294,
    "totalToday": 22
}
Request method:	DELETE
Request URI:	https://stellarburgers.nomoreparties.site/api/auth/user
Proxy:			<none>
Request params:	<none>
Query params:	<none>
Form params:	<none>
Path params:	<none>
Headers:		Authorization=Bearer eyJhbGciOiJIUzI1NiIsInR5cCI6IkpXVCJ9.eyJpZCI6IjYzMGFjMmJjOTNlYmMyMDAxYjRiYWI0YSIsImlhdCI6MTY2MTY0OTU5NywiZXhwIjoxNjYxNjUwNzk3fQ.vyAXEZ0m57nBSzNQPOC4zWK923EJpGn9RCwg_pX1GJA
				Accept=*/*
Cookies:		<none>
Multiparts:		<none>
Body:			<none>
HTTP/1.1 404 Not Found
Date: Sun, 28 Aug 2022 01:20:00 GMT
Content-Type: application/json; charset=utf-8
Content-Length: 44
Connection: keep-alive
X-Powered-By: Express
Access-Control-Allow-Origin: *
ETag: W/"2c-EAnCIFy1uGovyo/FU6KYwnjLgrc"
CF-Cache-Status: DYNAMIC
Expect-CT: max-age=604800, report-uri="https://report-uri.cloudflare.com/cdn-cgi/beacon/expect-ct"
Report-To: {"endpoints":[{"url":"https:\/\/a.nel.cloudflare.com\/report\/v3?s=ZkaQXiQfAxCA3%2BIzcRaJc06yy%2B7%2F42UYtD5HxoNvXerFmtZT2jL5%2F74yKRHyy8M0kaUGrORsU7NCC0zXitAmaqHZgS1e4TZA2ahSHWFRq%2FX7H0sUjhFKJ3vFM2i6P7PI4B2gCCANpJcZ4Fpm%2F0FN8qddSWA%3D"}],"group":"cf-nel","max_age":604800}
NEL: {"success_fraction":0,"report_to":"cf-nel","max_age":604800}
Server: cloudflare
CF-RAY: 741938d2fbe1caf9-DUS
alt-svc: h3=":443"; ma=86400, h3-29=":443"; ma=86400

{
    "success": false,
    "message": "User not found"
}
]]></system-out>
  </testcase>
</testsuite>