<?xml version="1.0" encoding="UTF-8"?>
<testsuite xmlns:xsi="http://www.w3.org/2001/XMLSchema-instance" xsi:noNamespaceSchemaLocation="https://maven.apache.org/surefire/maven-surefire-plugin/xsd/surefire-test-report.xsd" name="user.UserLoginTests" time="3.933" tests="3" errors="0" skipped="0" failures="1">
  <properties>
[...]
</properties>
  <testcase name="checkLoginWithoutLoginField" classname="user.UserLoginTests" time="1.091"/>
  <testcase name="checkSuccessfulLogin" classname="user.UserLoginTests" time="0.538">
    <failure message="1 expectation failed.&#10;Expected status code &lt;200&gt; but was &lt;401&gt;.&#10;" type="java.lang.AssertionError"><![CDATA[java.lang.AssertionError: 
1 expectation failed.
Expected status code <200> but was <401>.

	at user.UserLoginTests.checkSuccessfulLogin(UserLoginTests.java:44)
]]></failure>
    <system-out><![CDATA[Request method:	POST
Request URI:	https://stellarburgers.nomoreparties.site/api/auth/login
Proxy:			<none>
Request params:	<none>
Query params:	<none>
Form params:	<none>
Path params:	<none>
Headers:		Accept=*/*
				Content-Type=application/json
Cookies:		<none>
Multiparts:		<none>
Body:
{
    "email": "rat@ratmail.rat",
    "password": "1234"
}
HTTP/1.1 401 Unauthorized
Date: Sun, 28 Aug 2022 01:19:44 GMT
Content-Type: application/json; charset=utf-8
Content-Length: 61
Connection: keep-alive
X-Powered-By: Express
Access-Control-Allow-Origin: *
ETag: W/"3d-ad9nrqlzQBuoZ0AId1U3rIgKU84"
CF-Cache-Status: DYNAMIC
Expect-CT: max-age=604800, report-uri="https://report-uri.cloudflare.com/cdn-cgi/beacon/expect-ct"
Report-To: {"endpoints":[{"url":"https:\/\/a.nel.cloudflare.com\/report\/v3?s=YVHVRdEuAMgteQFaqEeHAYu%2BmMx8fj8FE6sFpekg1cAOa63a%2Boi5nh%2BPadDhCPn3JW9mc1Rl%2BeB5Z4KUQzLB4so0sRh10e9MWV3tugldTTADBDzyl5yFKYl4jUAcew1UkU8KclfeAjyRAGTVtQW7%2BsoWf%2B4%3D"}],"group":"cf-nel","max_age":604800}
NEL: {"success_fraction":0,"report_to":"cf-nel","max_age":604800}
Server: cloudflare
CF-RAY: 7419386e0debfaea-DUS
alt-svc: h3=":443"; ma=86400, h3-29=":443"; ma=86400

{
    "success": false,
    "message": "email or password are incorrect"
}
Request method:	POST
Request URI:	https://stellarburgers.nomoreparties.site/api/auth/login
Proxy:			<none>
Request params:	<none>
Query params:	<none>
Form params:	<none>
Path params:	<none>
Headers:		Accept=*/*
				Content-Type=application/json
Cookies:		<none>
Multiparts:		<none>
Body:
{
    "email": "rat@ratmail.rat",
    "password": "1234"
}
HTTP/1.1 401 Unauthorized
Date: Sun, 28 Aug 2022 01:19:44 GMT
Content-Type: application/json; charset=utf-8
Content-Length: 61
Connection: keep-alive
X-Powered-By: Express
Access-Control-Allow-Origin: *
ETag: W/"3d-ad9nrqlzQBuoZ0AId1U3rIgKU84"
CF-Cache-Status: DYNAMIC
Expect-CT: max-age=604800, report-uri="https://report-uri.cloudflare.com/cdn-cgi/beacon/expect-ct"
Report-To: {"endpoints":[{"url":"https:\/\/a.nel.cloudflare.com\/report\/v3?s=wMxiyFC8CVWhfqdEHorIZmuKRprgjdb%2F%2BTaWeafWEIf6wF%2B7hnjWIqHV4uim0aYhp8mYK3cZokW%2FdKAeFBscL%2FpVsjjl1yuVc%2Fofo2ct9d9Q2iyKMLg9Vb4UU4Fgx3dWUb9MpM1%2FIds%2FUGz4TKGQrtIuWTA%3D"}],"group":"cf-nel","max_age":604800}
NEL: {"success_fraction":0,"report_to":"cf-nel","max_age":604800}
Server: cloudflare
CF-RAY: 7419386fa8b6fad4-DUS
alt-svc: h3=":443"; ma=86400, h3-29=":443"; ma=86400

{
    "success": false,
    "message": "email or password are incorrect"
}
]]></system-out>
  </testcase>
  <testcase name="checkLoginWithoutPasswordField" classname="user.UserLoginTests" time="0.527"/>
</testsuite>